<?xml version="1.0" encoding="UTF-8"?>
<testng-results ignored="0" total="1" passed="1" failed="0" skipped="0">
  <reporter-output>
  </reporter-output>
  <suite started-at="2024-10-08T11:33:38 IST" name="Suite" finished-at="2024-10-08T11:34:03 IST" duration-ms="25121">
    <groups>
      <group name="Functional">
        <method signature="TC_HccLogin.HCCLOGIN()[pri:0, instance:TestCases.TC_HccLogin@5ddea849]" name="HCCLOGIN" class="TestCases.TC_HccLogin"/>
      </group> <!-- Functional -->
    </groups>
    <test started-at="2024-10-08T11:33:38 IST" name="Test" finished-at="2024-10-08T11:34:03 IST" duration-ms="25121">
      <class name="TestCases.TC_HccLogin">
        <test-method is-config="true" signature="setup(java.lang.String,java.lang.String)[pri:0, instance:TestCases.TC_HccLogin@5ddea849]" started-at="2024-10-08T11:33:39 IST" name="setup" finished-at="2024-10-08T11:33:42 IST" duration-ms="3664" status="PASS">
          <params>
            <param index="0">
              <value>
                <![CDATA[windows]]>
              </value>
            </param>
            <param index="1">
              <value>
                <![CDATA[chrome]]>
              </value>
            </param>
          </params>
          <reporter-output>
          </reporter-output>
        </test-method> <!-- setup -->
        <test-method signature="HCCLOGIN()[pri:0, instance:TestCases.TC_HccLogin@5ddea849]" started-at="2024-10-08T11:33:42 IST" name="HCCLOGIN" finished-at="2024-10-08T11:34:03 IST" duration-ms="21093" status="PASS">
          <reporter-output>
          </reporter-output>
        </test-method> <!-- HCCLOGIN -->
        <test-method is-config="true" signature="tearDown()[pri:0, instance:TestCases.TC_HccLogin@5ddea849]" started-at="2024-10-08T11:34:03 IST" name="tearDown" finished-at="2024-10-08T11:34:03 IST" duration-ms="139" status="PASS">
          <reporter-output>
          </reporter-output>
        </test-method> <!-- tearDown -->
      </class> <!-- TestCases.TC_HccLogin -->
    </test> <!-- Test -->
  </suite> <!-- Suite -->
</testng-results>
